AH00558: apache2: Could not reliably determine the server's fully qualified domain name, using 172.18.0.2. Set the 'ServerName' directive globally to suppress this message
[Sun Oct 14 02:44:50.752023 2018] [mpm_prefork:notice] [pid 1] AH00163: Apache/2.4.25 (Debian) PHP/7.2.6 configured -- resuming normal operations
[Sun Oct 14 02:44:50.752338 2018] [core:notice] [pid 1] AH00094: Command line: 'apache2 -D FOREGROUND'
[Sun Oct 14 02:48:20.121651 2018] [mpm_prefork:notice] [pid 1] AH00169: caught SIGTERM, shutting down
AH00558: apache2: Could not reliably determine the server's fully qualified domain name, using 172.18.0.2. Set the 'ServerName' directive globally to suppress this message
[Sun Oct 14 02:49:49.625259 2018] [mpm_prefork:notice] [pid 1] AH00163: Apache/2.4.25 (Debian) PHP/7.2.6 configured -- resuming normal operations
[Sun Oct 14 02:49:49.626056 2018] [core:notice] [pid 1] AH00094: Command line: 'apache2 -D FOREGROUND'
[Sun Oct 14 02:50:20.755124 2018] [mpm_prefork:notice] [pid 1] AH00169: caught SIGTERM, shutting down
AH00558: apache2: Could not reliably determine the server's fully qualified domain name, using 172.18.0.3. Set the 'ServerName' directive globally to suppress this message
[Sun Oct 14 02:50:31.153243 2018] [mpm_prefork:notice] [pid 1] AH00163: Apache/2.4.25 (Debian) PHP/7.2.6 configured -- resuming normal operations
[Sun Oct 14 02:50:31.154059 2018] [core:notice] [pid 1] AH00094: Command line: 'apache2 -D FOREGROUND'
[Sun Oct 14 02:52:26.854565 2018] [mpm_prefork:notice] [pid 1] AH00169: caught SIGTERM, shutting down
AH00558: apache2: Could not reliably determine the server's fully qualified domain name, using 172.18.0.2. Set the 'ServerName' directive globally to suppress this message
[Sun Oct 14 02:52:53.801937 2018] [mpm_prefork:notice] [pid 1] AH00163: Apache/2.4.25 (Debian) PHP/7.2.6 configured -- resuming normal operations
[Sun Oct 14 02:52:53.802232 2018] [core:notice] [pid 1] AH00094: Command line: 'apache2 -D FOREGROUND'
[Sun Oct 14 02:53:24.885319 2018] [mpm_prefork:notice] [pid 1] AH00169: caught SIGTERM, shutting down
AH00558: apache2: Could not reliably determine the server's fully qualified domain name, using 172.18.0.2. Set the 'ServerName' directive globally to suppress this message
[Sun Oct 14 03:06:46.101421 2018] [mpm_prefork:notice] [pid 1] AH00163: Apache/2.4.25 (Debian) PHP/7.2.6 configured -- resuming normal operations
[Sun Oct 14 03:06:46.102037 2018] [core:notice] [pid 1] AH00094: Command line: 'apache2 -D FOREGROUND'
[Sun Oct 14 03:07:03.316467 2018] [mpm_prefork:notice] [pid 1] AH00169: caught SIGTERM, shutting down
AH00558: apache2: Could not reliably determine the server's fully qualified domain name, using 172.18.0.3. Set the 'ServerName' directive globally to suppress this message
[Sun Oct 14 03:09:04.959099 2018] [mpm_prefork:notice] [pid 1] AH00163: Apache/2.4.25 (Debian) PHP/7.2.6 configured -- resuming normal operations
[Sun Oct 14 03:09:04.959892 2018] [core:notice] [pid 1] AH00094: Command line: 'apache2 -D FOREGROUND'
[Sun Oct 14 03:11:33.323521 2018] [mpm_prefork:notice] [pid 1] AH00169: caught SIGTERM, shutting down
AH00558: apache2: Could not reliably determine the server's fully qualified domain name, using 172.18.0.2. Set the 'ServerName' directive globally to suppress this message
[Sun Oct 14 03:11:38.943717 2018] [mpm_prefork:notice] [pid 1] AH00163: Apache/2.4.25 (Debian) PHP/7.2.6 configured -- resuming normal operations
[Sun Oct 14 03:11:38.944392 2018] [core:notice] [pid 1] AH00094: Command line: 'apache2 -D FOREGROUND'
[Sun Oct 14 03:12:59.696238 2018] [mpm_prefork:notice] [pid 1] AH00169: caught SIGTERM, shutting down
AH00558: apache2: Could not reliably determine the server's fully qualified domain name, using 172.18.0.3. Set the 'ServerName' directive globally to suppress this message
[Sun Oct 14 03:13:06.151958 2018] [mpm_prefork:notice] [pid 1] AH00163: Apache/2.4.25 (Debian) PHP/7.2.6 configured -- resuming normal operations
[Sun Oct 14 03:13:06.152321 2018] [core:notice] [pid 1] AH00094: Command line: 'apache2 -D FOREGROUND'
[Sun Oct 14 03:14:15.408509 2018] [mpm_prefork:notice] [pid 1] AH00169: caught SIGTERM, shutting down
AH00558: apache2: Could not reliably determine the server's fully qualified domain name, using 172.18.0.3. Set the 'ServerName' directive globally to suppress this message
[Sun Oct 14 03:14:25.728992 2018] [mpm_prefork:notice] [pid 1] AH00163: Apache/2.4.25 (Debian) PHP/7.2.6 configured -- resuming normal operations
[Sun Oct 14 03:14:25.729488 2018] [core:notice] [pid 1] AH00094: Command line: 'apache2 -D FOREGROUND'
[Sun Oct 14 03:14:53.306925 2018] [mpm_prefork:notice] [pid 1] AH00169: caught SIGTERM, shutting down
AH00558: apache2: Could not reliably determine the server's fully qualified domain name, using 172.18.0.4. Set the 'ServerName' directive globally to suppress this message
[Sun Oct 14 03:14:56.825215 2018] [mpm_prefork:notice] [pid 1] AH00163: Apache/2.4.25 (Debian) PHP/7.2.6 configured -- resuming normal operations
[Sun Oct 14 03:14:56.825991 2018] [core:notice] [pid 1] AH00094: Command line: 'apache2 -D FOREGROUND'
[Sun Oct 14 03:16:27.191597 2018] [mpm_prefork:notice] [pid 1] AH00169: caught SIGTERM, shutting down
AH00558: apache2: Could not reliably determine the server's fully qualified domain name, using 172.18.0.3. Set the 'ServerName' directive globally to suppress this message
[Sun Oct 14 03:16:33.794674 2018] [mpm_prefork:notice] [pid 1] AH00163: Apache/2.4.25 (Debian) PHP/7.2.6 configured -- resuming normal operations
[Sun Oct 14 03:16:33.795111 2018] [core:notice] [pid 1] AH00094: Command line: 'apache2 -D FOREGROUND'
[Sun Oct 14 03:16:42.112069 2018] [mpm_prefork:notice] [pid 1] AH00169: caught SIGTERM, shutting down
AH00558: apache2: Could not reliably determine the server's fully qualified domain name, using 172.18.0.3. Set the 'ServerName' directive globally to suppress this message
[Sun Oct 14 03:24:09.482083 2018] [mpm_prefork:notice] [pid 1] AH00163: Apache/2.4.25 (Debian) PHP/7.2.6 configured -- resuming normal operations
[Sun Oct 14 03:24:09.482784 2018] [core:notice] [pid 1] AH00094: Command line: 'apache2 -D FOREGROUND'
[Sun Oct 14 03:26:54.099634 2018] [mpm_prefork:notice] [pid 1] AH00169: caught SIGTERM, shutting down
AH00558: apache2: Could not reliably determine the server's fully qualified domain name, using 172.18.0.3. Set the 'ServerName' directive globally to suppress this message
[Sun Oct 14 06:05:33.560714 2018] [mpm_prefork:notice] [pid 1] AH00163: Apache/2.4.25 (Debian) PHP/7.2.6 configured -- resuming normal operations
[Sun Oct 14 06:05:33.587304 2018] [core:notice] [pid 1] AH00094: Command line: 'apache2 -D FOREGROUND'
[Sun Oct 14 06:08:04.194433 2018] [mpm_prefork:notice] [pid 1] AH00169: caught SIGTERM, shutting down
AH00558: apache2: Could not reliably determine the server's fully qualified domain name, using 172.18.0.3. Set the 'ServerName' directive globally to suppress this message
[Sun Oct 14 06:08:10.553551 2018] [mpm_prefork:notice] [pid 1] AH00163: Apache/2.4.25 (Debian) PHP/7.2.6 configured -- resuming normal operations
[Sun Oct 14 06:08:10.553940 2018] [core:notice] [pid 1] AH00094: Command line: 'apache2 -D FOREGROUND'
[Sun Oct 14 06:08:47.343299 2018] [mpm_prefork:notice] [pid 1] AH00169: caught SIGTERM, shutting down
AH00558: apache2: Could not reliably determine the server's fully qualified domain name, using 172.18.0.3. Set the 'ServerName' directive globally to suppress this message
[Sun Oct 14 06:08:53.572573 2018] [mpm_prefork:notice] [pid 1] AH00163: Apache/2.4.25 (Debian) PHP/7.2.6 configured -- resuming normal operations
[Sun Oct 14 06:08:53.573481 2018] [core:notice] [pid 1] AH00094: Command line: 'apache2 -D FOREGROUND'
[Sun Oct 14 06:15:10.590689 2018] [mpm_prefork:notice] [pid 1] AH00169: caught SIGTERM, shutting down
AH00558: apache2: Could not reliably determine the server's fully qualified domain name, using 172.18.0.3. Set the 'ServerName' directive globally to suppress this message
[Sun Oct 14 06:15:31.977577 2018] [mpm_prefork:notice] [pid 1] AH00163: Apache/2.4.25 (Debian) PHP/7.2.6 configured -- resuming normal operations
[Sun Oct 14 06:15:31.978799 2018] [core:notice] [pid 1] AH00094: Command line: 'apache2 -D FOREGROUND'
[Sun Oct 14 06:15:46.646140 2018] [mpm_prefork:notice] [pid 1] AH00169: caught SIGTERM, shutting down
AH00558: apache2: Could not reliably determine the server's fully qualified domain name, using 172.18.0.3. Set the 'ServerName' directive globally to suppress this message
[Sun Oct 14 06:15:57.269065 2018] [mpm_prefork:notice] [pid 1] AH00163: Apache/2.4.25 (Debian) PHP/7.2.6 configured -- resuming normal operations
[Sun Oct 14 06:15:57.269506 2018] [core:notice] [pid 1] AH00094: Command line: 'apache2 -D FOREGROUND'
[Sun Oct 14 06:16:50.820733 2018] [mpm_prefork:notice] [pid 1] AH00169: caught SIGTERM, shutting down
AH00558: apache2: Could not reliably determine the server's fully qualified domain name, using 172.18.0.2. Set the 'ServerName' directive globally to suppress this message
[Sun Oct 14 06:21:02.610313 2018] [mpm_prefork:notice] [pid 1] AH00163: Apache/2.4.25 (Debian) PHP/7.2.6 configured -- resuming normal operations
[Sun Oct 14 06:21:02.610837 2018] [core:notice] [pid 1] AH00094: Command line: 'apache2 -D FOREGROUND'
[Sun Oct 14 06:23:47.201305 2018] [mpm_prefork:notice] [pid 1] AH00169: caught SIGTERM, shutting down
AH00558: apache2: Could not reliably determine the server's fully qualified domain name, using 172.18.0.2. Set the 'ServerName' directive globally to suppress this message
[Sun Oct 14 06:23:51.468481 2018] [mpm_prefork:notice] [pid 1] AH00163: Apache/2.4.25 (Debian) PHP/7.2.6 configured -- resuming normal operations
[Sun Oct 14 06:23:51.468935 2018] [core:notice] [pid 1] AH00094: Command line: 'apache2 -D FOREGROUND'
[Sun Oct 14 06:24:12.831468 2018] [mpm_prefork:notice] [pid 1] AH00169: caught SIGTERM, shutting down
AH00558: apache2: Could not reliably determine the server's fully qualified domain name, using 172.18.0.3. Set the 'ServerName' directive globally to suppress this message
[Sun Oct 14 06:24:18.276938 2018] [mpm_prefork:notice] [pid 1] AH00163: Apache/2.4.25 (Debian) PHP/7.2.6 configured -- resuming normal operations
[Sun Oct 14 06:24:18.277718 2018] [core:notice] [pid 1] AH00094: Command line: 'apache2 -D FOREGROUND'
[Sun Oct 14 06:25:10.280183 2018] [mpm_prefork:notice] [pid 1] AH00169: caught SIGTERM, shutting down
AH00558: apache2: Could not reliably determine the server's fully qualified domain name, using 172.18.0.3. Set the 'ServerName' directive globally to suppress this message
[Sun Oct 14 06:25:16.520936 2018] [mpm_prefork:notice] [pid 1] AH00163: Apache/2.4.25 (Debian) PHP/7.2.6 configured -- resuming normal operations
[Sun Oct 14 06:25:16.521728 2018] [core:notice] [pid 1] AH00094: Command line: 'apache2 -D FOREGROUND'
[Sun Oct 14 06:26:53.498471 2018] [mpm_prefork:notice] [pid 1] AH00169: caught SIGTERM, shutting down
AH00558: apache2: Could not reliably determine the server's fully qualified domain name, using 172.18.0.2. Set the 'ServerName' directive globally to suppress this message
[Sun Oct 14 06:27:03.564844 2018] [mpm_prefork:notice] [pid 1] AH00163: Apache/2.4.25 (Debian) PHP/7.2.6 configured -- resuming normal operations
[Sun Oct 14 06:27:03.565270 2018] [core:notice] [pid 1] AH00094: Command line: 'apache2 -D FOREGROUND'
[14-Oct-2018 06:59:10 UTC] PHP Warning:  Use of undefined constant DB_USER - assumed 'DB_USER' (this will throw an Error in a future version of PHP) in /wordpress/wp-includes/load.php on line 404
[14-Oct-2018 06:59:10 UTC] PHP Stack trace:
[14-Oct-2018 06:59:10 UTC] PHP   1. {main}() /wordpress/wp-admin/setup-config.php:0
[14-Oct-2018 06:59:10 UTC] PHP   2. require() /wordpress/wp-admin/setup-config.php:33
[14-Oct-2018 06:59:10 UTC] PHP   3. require_wp_db() /wordpress/wp-settings.php:106
[14-Oct-2018 06:59:10 UTC] PHP Warning:  Use of undefined constant DB_PASSWORD - assumed 'DB_PASSWORD' (this will throw an Error in a future version of PHP) in /wordpress/wp-includes/load.php on line 404
[14-Oct-2018 06:59:10 UTC] PHP Stack trace:
[14-Oct-2018 06:59:10 UTC] PHP   1. {main}() /wordpress/wp-admin/setup-config.php:0
[14-Oct-2018 06:59:10 UTC] PHP   2. require() /wordpress/wp-admin/setup-config.php:33
[14-Oct-2018 06:59:10 UTC] PHP   3. require_wp_db() /wordpress/wp-settings.php:106
[14-Oct-2018 06:59:10 UTC] PHP Warning:  Use of undefined constant DB_NAME - assumed 'DB_NAME' (this will throw an Error in a future version of PHP) in /wordpress/wp-includes/load.php on line 404
[14-Oct-2018 06:59:10 UTC] PHP Stack trace:
[14-Oct-2018 06:59:10 UTC] PHP   1. {main}() /wordpress/wp-admin/setup-config.php:0
[14-Oct-2018 06:59:10 UTC] PHP   2. require() /wordpress/wp-admin/setup-config.php:33
[14-Oct-2018 06:59:10 UTC] PHP   3. require_wp_db() /wordpress/wp-settings.php:106
[14-Oct-2018 06:59:10 UTC] PHP Warning:  Use of undefined constant DB_HOST - assumed 'DB_HOST' (this will throw an Error in a future version of PHP) in /wordpress/wp-includes/load.php on line 404
[14-Oct-2018 06:59:10 UTC] PHP Stack trace:
[14-Oct-2018 06:59:10 UTC] PHP   1. {main}() /wordpress/wp-admin/setup-config.php:0
[14-Oct-2018 06:59:10 UTC] PHP   2. require() /wordpress/wp-admin/setup-config.php:33
[14-Oct-2018 06:59:10 UTC] PHP   3. require_wp_db() /wordpress/wp-settings.php:106
[14-Oct-2018 06:59:13 UTC] PHP Warning:  Use of undefined constant DB_USER - assumed 'DB_USER' (this will throw an Error in a future version of PHP) in /wordpress/wp-includes/load.php on line 404
[14-Oct-2018 06:59:13 UTC] PHP Stack trace:
[14-Oct-2018 06:59:13 UTC] PHP   1. {main}() /wordpress/wp-admin/setup-config.php:0
[14-Oct-2018 06:59:13 UTC] PHP   2. require() /wordpress/wp-admin/setup-config.php:33
[14-Oct-2018 06:59:13 UTC] PHP   3. require_wp_db() /wordpress/wp-settings.php:106
[14-Oct-2018 06:59:13 UTC] PHP Warning:  Use of undefined constant DB_PASSWORD - assumed 'DB_PASSWORD' (this will throw an Error in a future version of PHP) in /wordpress/wp-includes/load.php on line 404
[14-Oct-2018 06:59:13 UTC] PHP Stack trace:
[14-Oct-2018 06:59:13 UTC] PHP   1. {main}() /wordpress/wp-admin/setup-config.php:0
[14-Oct-2018 06:59:13 UTC] PHP   2. require() /wordpress/wp-admin/setup-config.php:33
[14-Oct-2018 06:59:13 UTC] PHP   3. require_wp_db() /wordpress/wp-settings.php:106
[14-Oct-2018 06:59:13 UTC] PHP Warning:  Use of undefined constant DB_NAME - assumed 'DB_NAME' (this will throw an Error in a future version of PHP) in /wordpress/wp-includes/load.php on line 404
[14-Oct-2018 06:59:13 UTC] PHP Stack trace:
[14-Oct-2018 06:59:13 UTC] PHP   1. {main}() /wordpress/wp-admin/setup-config.php:0
[14-Oct-2018 06:59:13 UTC] PHP   2. require() /wordpress/wp-admin/setup-config.php:33
[14-Oct-2018 06:59:13 UTC] PHP   3. require_wp_db() /wordpress/wp-settings.php:106
[14-Oct-2018 06:59:13 UTC] PHP Warning:  Use of undefined constant DB_HOST - assumed 'DB_HOST' (this will throw an Error in a future version of PHP) in /wordpress/wp-includes/load.php on line 404
[14-Oct-2018 06:59:13 UTC] PHP Stack trace:
[14-Oct-2018 06:59:13 UTC] PHP   1. {main}() /wordpress/wp-admin/setup-config.php:0
[14-Oct-2018 06:59:13 UTC] PHP   2. require() /wordpress/wp-admin/setup-config.php:33
[14-Oct-2018 06:59:13 UTC] PHP   3. require_wp_db() /wordpress/wp-settings.php:106
[14-Oct-2018 06:59:20 UTC] PHP Warning:  Use of undefined constant DB_USER - assumed 'DB_USER' (this will throw an Error in a future version of PHP) in /wordpress/wp-includes/load.php on line 404
[14-Oct-2018 06:59:20 UTC] PHP Stack trace:
[14-Oct-2018 06:59:20 UTC] PHP   1. {main}() /wordpress/wp-admin/setup-config.php:0
[14-Oct-2018 06:59:20 UTC] PHP   2. require() /wordpress/wp-admin/setup-config.php:33
[14-Oct-2018 06:59:20 UTC] PHP   3. require_wp_db() /wordpress/wp-settings.php:106
[14-Oct-2018 06:59:20 UTC] PHP Warning:  Use of undefined constant DB_PASSWORD - assumed 'DB_PASSWORD' (this will throw an Error in a future version of PHP) in /wordpress/wp-includes/load.php on line 404
[14-Oct-2018 06:59:20 UTC] PHP Stack trace:
[14-Oct-2018 06:59:20 UTC] PHP   1. {main}() /wordpress/wp-admin/setup-config.php:0
[14-Oct-2018 06:59:20 UTC] PHP   2. require() /wordpress/wp-admin/setup-config.php:33
[14-Oct-2018 06:59:20 UTC] PHP   3. require_wp_db() /wordpress/wp-settings.php:106
[14-Oct-2018 06:59:20 UTC] PHP Warning:  Use of undefined constant DB_NAME - assumed 'DB_NAME' (this will throw an Error in a future version of PHP) in /wordpress/wp-includes/load.php on line 404
[14-Oct-2018 06:59:20 UTC] PHP Stack trace:
[14-Oct-2018 06:59:20 UTC] PHP   1. {main}() /wordpress/wp-admin/setup-config.php:0
[14-Oct-2018 06:59:20 UTC] PHP   2. require() /wordpress/wp-admin/setup-config.php:33
[14-Oct-2018 06:59:20 UTC] PHP   3. require_wp_db() /wordpress/wp-settings.php:106
[14-Oct-2018 06:59:20 UTC] PHP Warning:  Use of undefined constant DB_HOST - assumed 'DB_HOST' (this will throw an Error in a future version of PHP) in /wordpress/wp-includes/load.php on line 404
[14-Oct-2018 06:59:20 UTC] PHP Stack trace:
[14-Oct-2018 06:59:20 UTC] PHP   1. {main}() /wordpress/wp-admin/setup-config.php:0
[14-Oct-2018 06:59:20 UTC] PHP   2. require() /wordpress/wp-admin/setup-config.php:33
[14-Oct-2018 06:59:20 UTC] PHP   3. require_wp_db() /wordpress/wp-settings.php:106
[14-Oct-2018 06:59:23 UTC] PHP Warning:  Use of undefined constant DB_USER - assumed 'DB_USER' (this will throw an Error in a future version of PHP) in /wordpress/wp-includes/load.php on line 404
[14-Oct-2018 06:59:23 UTC] PHP Stack trace:
[14-Oct-2018 06:59:23 UTC] PHP   1. {main}() /wordpress/wp-admin/setup-config.php:0
[14-Oct-2018 06:59:23 UTC] PHP   2. require() /wordpress/wp-admin/setup-config.php:33
[14-Oct-2018 06:59:23 UTC] PHP   3. require_wp_db() /wordpress/wp-settings.php:106
[14-Oct-2018 06:59:23 UTC] PHP Warning:  Use of undefined constant DB_PASSWORD - assumed 'DB_PASSWORD' (this will throw an Error in a future version of PHP) in /wordpress/wp-includes/load.php on line 404
[14-Oct-2018 06:59:23 UTC] PHP Stack trace:
[14-Oct-2018 06:59:23 UTC] PHP   1. {main}() /wordpress/wp-admin/setup-config.php:0
[14-Oct-2018 06:59:23 UTC] PHP   2. require() /wordpress/wp-admin/setup-config.php:33
[14-Oct-2018 06:59:23 UTC] PHP   3. require_wp_db() /wordpress/wp-settings.php:106
[14-Oct-2018 06:59:23 UTC] PHP Warning:  Use of undefined constant DB_NAME - assumed 'DB_NAME' (this will throw an Error in a future version of PHP) in /wordpress/wp-includes/load.php on line 404
[14-Oct-2018 06:59:23 UTC] PHP Stack trace:
[14-Oct-2018 06:59:23 UTC] PHP   1. {main}() /wordpress/wp-admin/setup-config.php:0
[14-Oct-2018 06:59:23 UTC] PHP   2. require() /wordpress/wp-admin/setup-config.php:33
[14-Oct-2018 06:59:23 UTC] PHP   3. require_wp_db() /wordpress/wp-settings.php:106
[14-Oct-2018 06:59:23 UTC] PHP Warning:  Use of undefined constant DB_HOST - assumed 'DB_HOST' (this will throw an Error in a future version of PHP) in /wordpress/wp-includes/load.php on line 404
[14-Oct-2018 06:59:23 UTC] PHP Stack trace:
[14-Oct-2018 06:59:23 UTC] PHP   1. {main}() /wordpress/wp-admin/setup-config.php:0
[14-Oct-2018 06:59:23 UTC] PHP   2. require() /wordpress/wp-admin/setup-config.php:33
[14-Oct-2018 06:59:23 UTC] PHP   3. require_wp_db() /wordpress/wp-settings.php:106
[14-Oct-2018 06:59:58 UTC] PHP Warning:  Use of undefined constant DB_USER - assumed 'DB_USER' (this will throw an Error in a future version of PHP) in /wordpress/wp-includes/load.php on line 404
[14-Oct-2018 06:59:58 UTC] PHP Stack trace:
[14-Oct-2018 06:59:58 UTC] PHP   1. {main}() /wordpress/wp-admin/setup-config.php:0
[14-Oct-2018 06:59:58 UTC] PHP   2. require() /wordpress/wp-admin/setup-config.php:33
[14-Oct-2018 06:59:58 UTC] PHP   3. require_wp_db() /wordpress/wp-settings.php:106
[14-Oct-2018 06:59:58 UTC] PHP Warning:  Use of undefined constant DB_PASSWORD - assumed 'DB_PASSWORD' (this will throw an Error in a future version of PHP) in /wordpress/wp-includes/load.php on line 404
[14-Oct-2018 06:59:58 UTC] PHP Stack trace:
[14-Oct-2018 06:59:58 UTC] PHP   1. {main}() /wordpress/wp-admin/setup-config.php:0
[14-Oct-2018 06:59:58 UTC] PHP   2. require() /wordpress/wp-admin/setup-config.php:33
[14-Oct-2018 06:59:58 UTC] PHP   3. require_wp_db() /wordpress/wp-settings.php:106
[14-Oct-2018 06:59:58 UTC] PHP Warning:  Use of undefined constant DB_NAME - assumed 'DB_NAME' (this will throw an Error in a future version of PHP) in /wordpress/wp-includes/load.php on line 404
[14-Oct-2018 06:59:58 UTC] PHP Stack trace:
[14-Oct-2018 06:59:58 UTC] PHP   1. {main}() /wordpress/wp-admin/setup-config.php:0
[14-Oct-2018 06:59:58 UTC] PHP   2. require() /wordpress/wp-admin/setup-config.php:33
[14-Oct-2018 06:59:58 UTC] PHP   3. require_wp_db() /wordpress/wp-settings.php:106
[14-Oct-2018 06:59:58 UTC] PHP Warning:  Use of undefined constant DB_HOST - assumed 'DB_HOST' (this will throw an Error in a future version of PHP) in /wordpress/wp-includes/load.php on line 404
[14-Oct-2018 06:59:58 UTC] PHP Stack trace:
[14-Oct-2018 06:59:58 UTC] PHP   1. {main}() /wordpress/wp-admin/setup-config.php:0
[14-Oct-2018 06:59:58 UTC] PHP   2. require() /wordpress/wp-admin/setup-config.php:33
[14-Oct-2018 06:59:58 UTC] PHP   3. require_wp_db() /wordpress/wp-settings.php:106
[14-Oct-2018 06:59:59 UTC] PHP Warning:  Use of undefined constant DB_USER - assumed 'DB_USER' (this will throw an Error in a future version of PHP) in /wordpress/wp-includes/load.php on line 404
[14-Oct-2018 06:59:59 UTC] PHP Stack trace:
[14-Oct-2018 06:59:59 UTC] PHP   1. {main}() /wordpress/wp-admin/setup-config.php:0
[14-Oct-2018 06:59:59 UTC] PHP   2. require() /wordpress/wp-admin/setup-config.php:33
[14-Oct-2018 06:59:59 UTC] PHP   3. require_wp_db() /wordpress/wp-settings.php:106
[14-Oct-2018 06:59:59 UTC] PHP Warning:  Use of undefined constant DB_PASSWORD - assumed 'DB_PASSWORD' (this will throw an Error in a future version of PHP) in /wordpress/wp-includes/load.php on line 404
[14-Oct-2018 06:59:59 UTC] PHP Stack trace:
[14-Oct-2018 06:59:59 UTC] PHP   1. {main}() /wordpress/wp-admin/setup-config.php:0
[14-Oct-2018 06:59:59 UTC] PHP   2. require() /wordpress/wp-admin/setup-config.php:33
[14-Oct-2018 06:59:59 UTC] PHP   3. require_wp_db() /wordpress/wp-settings.php:106
[14-Oct-2018 06:59:59 UTC] PHP Warning:  Use of undefined constant DB_NAME - assumed 'DB_NAME' (this will throw an Error in a future version of PHP) in /wordpress/wp-includes/load.php on line 404
[14-Oct-2018 06:59:59 UTC] PHP Stack trace:
[14-Oct-2018 06:59:59 UTC] PHP   1. {main}() /wordpress/wp-admin/setup-config.php:0
[14-Oct-2018 06:59:59 UTC] PHP   2. require() /wordpress/wp-admin/setup-config.php:33
[14-Oct-2018 06:59:59 UTC] PHP   3. require_wp_db() /wordpress/wp-settings.php:106
[14-Oct-2018 06:59:59 UTC] PHP Warning:  Use of undefined constant DB_HOST - assumed 'DB_HOST' (this will throw an Error in a future version of PHP) in /wordpress/wp-includes/load.php on line 404
[14-Oct-2018 06:59:59 UTC] PHP Stack trace:
[14-Oct-2018 06:59:59 UTC] PHP   1. {main}() /wordpress/wp-admin/setup-config.php:0
[14-Oct-2018 06:59:59 UTC] PHP   2. require() /wordpress/wp-admin/setup-config.php:33
[14-Oct-2018 06:59:59 UTC] PHP   3. require_wp_db() /wordpress/wp-settings.php:106
